[2026-02-24 23:04:11,957] 1025 httpx - INFO - HTTP Request: GET https://dagshub.com/api/v1/user "HTTP/1.1 200 OK"
[2026-02-24 23:04:11,968] 107 dagshub - INFO - Accessing as Ayuboiii
[2026-02-24 23:04:12,865] 1025 httpx - INFO - HTTP Request: GET https://dagshub.com/api/v1/repos/Ayuboiii/Network_Security "HTTP/1.1 200 OK"
[2026-02-24 23:04:13,683] 1025 httpx - INFO - HTTP Request: GET https://dagshub.com/api/v1/user "HTTP/1.1 200 OK"
[2026-02-24 23:04:13,687] 107 dagshub - INFO - Initialized MLflow to track repo "Ayuboiii/Network_Security"
[2026-02-24 23:04:13,690] 107 dagshub - INFO - Repository Ayuboiii/Network_Security initialized!
[2026-02-24 23:04:13,690] 17 root - INFO - Initiating the data ingestion
[2026-02-24 23:04:19,432] 65 root - INFO - Performed train test split on the dataframe
[2026-02-24 23:04:19,432] 67 root - INFO - Exited split_data_as_train_test method of Data_Ingestion class
[2026-02-24 23:04:19,433] 75 root - INFO - Exporting train and test file path.
[2026-02-24 23:04:19,502] 84 root - INFO - Exported train and test file path.
[2026-02-24 23:04:19,503] 19 root - INFO - Data Initiation completed
[2026-02-24 23:04:19,514] 23 root - INFO - Initiating the data validation
[2026-02-24 23:04:19,611] 32 root - INFO - Required number of columns:2
[2026-02-24 23:04:19,611] 33 root - INFO - Data frame has columns:31
[2026-02-24 23:04:19,611] 32 root - INFO - Required number of columns:2
[2026-02-24 23:04:19,611] 33 root - INFO - Data frame has columns:31
[2026-02-24 23:04:19,766] 25 root - INFO - Data validation completed
[2026-02-24 23:04:19,767] 27 root - INFO - Data transformation started
[2026-02-24 23:04:19,767] 63 root - INFO - Entered initiate_data_transformation method of DataTransformation class
[2026-02-24 23:04:19,767] 65 root - INFO - Starting data transformation
[2026-02-24 23:04:19,796] 48 root - INFO - Entered get_data_trnasformer_object method of Trnasformation class
[2026-02-24 23:04:19,796] 53 root - INFO - Initialise KNNImputer with {'missing_values': nan, 'n_neighbors': 3, 'weights': 'uniform'}
[2026-02-24 23:04:19,811] 46 root - INFO - Entered the save_object method of MainUtils class
[2026-02-24 23:04:19,814] 50 root - INFO - Exited the save_object method of MainUtils class
[2026-02-24 23:04:19,814] 46 root - INFO - Entered the save_object method of MainUtils class
[2026-02-24 23:04:19,817] 50 root - INFO - Exited the save_object method of MainUtils class
[2026-02-24 23:04:19,818] 32 root - INFO - Data transformation completed
[2026-02-24 23:04:19,818] 33 root - INFO - Model training started
[2026-02-24 23:10:52,270] 46 root - INFO - Entered the save_object method of MainUtils class
[2026-02-24 23:10:52,271] 50 root - INFO - Exited the save_object method of MainUtils class
[2026-02-24 23:10:52,271] 46 root - INFO - Entered the save_object method of MainUtils class
[2026-02-24 23:10:52,339] 50 root - INFO - Exited the save_object method of MainUtils class
[2026-02-24 23:10:52,340] 153 root - INFO - Model trainer artifact: ModelTrainerArtifact(trained_model_file_path='Artifacts\\02_24_2026_23_04_08\\model_trainer\\trained_model\\model.pkl', train_metric_artifact=ClassificationMetricArtifact(f1_score=0.9911934406316428, precision_score=0.9900910010111224, recall_score=0.992298338062424), test_metric_artifact=ClassificationMetricArtifact(f1_score=0.9766317485898469, precision_score=0.9626687847498014, recall_score=0.9910057236304171))
[2026-02-24 23:10:52,346] 37 root - INFO - Model training artifact created
