[2026-03-12 20:43:37,780] 1025 httpx - INFO - HTTP Request: GET https://dagshub.com/api/v1/user "HTTP/1.1 200 OK"
[2026-03-12 20:43:37,790] 107 dagshub - INFO - Accessing as Ayuboiii
[2026-03-12 20:43:38,148] 1025 httpx - INFO - HTTP Request: GET https://dagshub.com/api/v1/repos/Ayuboiii/Network_Security "HTTP/1.1 200 OK"
[2026-03-12 20:43:39,157] 1025 httpx - INFO - HTTP Request: GET https://dagshub.com/api/v1/user "HTTP/1.1 200 OK"
[2026-03-12 20:43:39,157] 107 dagshub - INFO - Initialized MLflow to track repo "Ayuboiii/Network_Security"
[2026-03-12 20:43:39,157] 107 dagshub - INFO - Repository Ayuboiii/Network_Security initialized!
[2026-03-12 20:43:55,990] 42 root - INFO - Start data Ingestion
[2026-03-12 20:44:01,818] 65 root - INFO - Performed train test split on the dataframe
[2026-03-12 20:44:01,818] 67 root - INFO - Exited split_data_as_train_test method of Data_Ingestion class
[2026-03-12 20:44:01,818] 75 root - INFO - Exporting train and test file path.
[2026-03-12 20:44:01,894] 84 root - INFO - Exported train and test file path.
[2026-03-12 20:44:01,894] 45 root - INFO - Data Ingestion completed and artifact: DataIngestionArtifact(trained_file_path='Artifacts\\03_12_2026_20_43_34\\data_ingestion\\ingested\\train.csv', test_file_path='Artifacts\\03_12_2026_20_43_34\\data_ingestion\\ingested\\test.csv')
[2026-03-12 20:44:01,930] 55 root - INFO - Initiate the data Validation
[2026-03-12 20:44:02,017] 32 root - INFO - Required number of columns:2
[2026-03-12 20:44:02,017] 33 root - INFO - Data frame has columns:31
[2026-03-12 20:44:02,017] 32 root - INFO - Required number of columns:2
[2026-03-12 20:44:02,017] 33 root - INFO - Data frame has columns:31
[2026-03-12 20:44:02,180] 63 root - INFO - Entered initiate_data_transformation method of DataTransformation class
[2026-03-12 20:44:02,180] 65 root - INFO - Starting data transformation
[2026-03-12 20:44:02,207] 48 root - INFO - Entered get_data_trnasformer_object method of Trnasformation class
[2026-03-12 20:44:02,208] 53 root - INFO - Initialise KNNImputer with {'missing_values': nan, 'n_neighbors': 3, 'weights': 'uniform'}
[2026-03-12 20:44:02,227] 46 root - INFO - Entered the save_object method of MainUtils class
[2026-03-12 20:44:02,231] 50 root - INFO - Exited the save_object method of MainUtils class
[2026-03-12 20:44:02,231] 46 root - INFO - Entered the save_object method of MainUtils class
[2026-03-12 20:44:02,233] 50 root - INFO - Exited the save_object method of MainUtils class
[2026-03-12 20:49:02,372] 46 root - INFO - Entered the save_object method of MainUtils class
[2026-03-12 20:49:02,372] 50 root - INFO - Exited the save_object method of MainUtils class
[2026-03-12 20:49:02,372] 46 root - INFO - Entered the save_object method of MainUtils class
[2026-03-12 20:49:02,388] 50 root - INFO - Exited the save_object method of MainUtils class
[2026-03-12 20:49:02,388] 153 root - INFO - Model trainer artifact: ModelTrainerArtifact(trained_model_file_path='Artifacts\\03_12_2026_20_43_34\\model_trainer\\trained_model\\model.pkl', train_metric_artifact=ClassificationMetricArtifact(f1_score=0.9915322580645162, precision_score=0.9889402774984919, recall_score=0.9941378613300991), test_metric_artifact=ClassificationMetricArtifact(f1_score=0.9770491803278688, precision_score=0.9691056910569106, recall_score=0.9851239669421488))
