[2026-03-15 19:55:40,293] 1025 httpx - INFO - HTTP Request: GET https://dagshub.com/api/v1/user "HTTP/1.1 200 OK"
[2026-03-15 19:55:40,300] 107 dagshub - INFO - Accessing as Ayuboiii
[2026-03-15 19:55:40,735] 1025 httpx - INFO - HTTP Request: GET https://dagshub.com/api/v1/repos/Ayuboiii/Network_Security "HTTP/1.1 200 OK"
[2026-03-15 19:55:41,492] 1025 httpx - INFO - HTTP Request: GET https://dagshub.com/api/v1/user "HTTP/1.1 200 OK"
[2026-03-15 19:55:41,492] 107 dagshub - INFO - Initialized MLflow to track repo "Ayuboiii/Network_Security"
[2026-03-15 19:55:41,492] 107 dagshub - INFO - Repository Ayuboiii/Network_Security initialized!
[2026-03-15 19:56:02,946] 42 root - INFO - Start data Ingestion
[2026-03-15 19:56:09,366] 65 root - INFO - Performed train test split on the dataframe
[2026-03-15 19:56:09,366] 67 root - INFO - Exited split_data_as_train_test method of Data_Ingestion class
[2026-03-15 19:56:09,366] 75 root - INFO - Exporting train and test file path.
[2026-03-15 19:56:09,423] 84 root - INFO - Exported train and test file path.
[2026-03-15 19:56:09,431] 45 root - INFO - Data Ingestion completed and artifact: DataIngestionArtifact(trained_file_path='Artifacts\\03_15_2026_19_55_36\\data_ingestion\\ingested\\train.csv', test_file_path='Artifacts\\03_15_2026_19_55_36\\data_ingestion\\ingested\\test.csv')
[2026-03-15 19:56:09,440] 55 root - INFO - Initiate the data Validation
[2026-03-15 19:56:09,540] 32 root - INFO - Required number of columns:2
[2026-03-15 19:56:09,540] 33 root - INFO - Data frame has columns:31
[2026-03-15 19:56:09,540] 32 root - INFO - Required number of columns:2
[2026-03-15 19:56:09,540] 33 root - INFO - Data frame has columns:31
[2026-03-15 19:56:09,731] 63 root - INFO - Entered initiate_data_transformation method of DataTransformation class
[2026-03-15 19:56:09,731] 65 root - INFO - Starting data transformation
[2026-03-15 19:56:09,753] 48 root - INFO - Entered get_data_trnasformer_object method of Trnasformation class
[2026-03-15 19:56:09,753] 53 root - INFO - Initialise KNNImputer with {'missing_values': nan, 'n_neighbors': 3, 'weights': 'uniform'}
[2026-03-15 19:56:09,769] 46 root - INFO - Entered the save_object method of MainUtils class
[2026-03-15 19:56:09,771] 50 root - INFO - Exited the save_object method of MainUtils class
[2026-03-15 19:56:09,771] 46 root - INFO - Entered the save_object method of MainUtils class
[2026-03-15 19:56:09,775] 50 root - INFO - Exited the save_object method of MainUtils class
[2026-03-15 20:02:01,010] 46 root - INFO - Entered the save_object method of MainUtils class
[2026-03-15 20:02:01,011] 50 root - INFO - Exited the save_object method of MainUtils class
[2026-03-15 20:02:01,011] 46 root - INFO - Entered the save_object method of MainUtils class
[2026-03-15 20:02:01,062] 50 root - INFO - Exited the save_object method of MainUtils class
[2026-03-15 20:02:01,062] 153 root - INFO - Model trainer artifact: ModelTrainerArtifact(trained_model_file_path='Artifacts\\03_15_2026_19_55_36\\model_trainer\\trained_model\\model.pkl', train_metric_artifact=ClassificationMetricArtifact(f1_score=0.9909873417721519, precision_score=0.9916903121199838, recall_score=0.9902853673345476), test_metric_artifact=ClassificationMetricArtifact(f1_score=0.9789343246592317, precision_score=0.983402489626556, recall_score=0.9745065789473685))
